<?xml version="1.0" encoding="UTF-8"?>
<testng-results ignored="0" total="5" passed="5" failed="0" skipped="0">
  <reporter-output>
  </reporter-output>
  <suite started-at="2022-09-19T16:33:54Z" name="Command line suite" finished-at="2022-09-19T16:34:37Z" duration-ms="43814">
    <groups>
    </groups>
    <test started-at="2022-09-19T16:33:54Z" name="Command line test" finished-at="2022-09-19T16:34:37Z" duration-ms="43814">
      <class name="com.actitime.qa.testcases.HomePageTest">
        <test-method is-config="true" signature="seup()[pri:0, instance:com.actitime.qa.testcases.HomePageTest@8e24743]" started-at="2022-09-19T16:33:54Z" name="seup" finished-at="2022-09-19T16:34:02Z" duration-ms="7928" status="PASS">
          <reporter-output>
          </reporter-output>
        </test-method> <!-- seup -->
        <test-method signature="homePageLogoTest()[pri:1, instance:com.actitime.qa.testcases.HomePageTest@8e24743]" started-at="2022-09-19T16:34:02Z" name="homePageLogoTest" finished-at="2022-09-19T16:34:05Z" duration-ms="3308" status="PASS">
          <reporter-output>
          </reporter-output>
        </test-method> <!-- homePageLogoTest -->
        <test-method is-config="true" signature="tearDown()[pri:0, instance:com.actitime.qa.testcases.HomePageTest@8e24743]" started-at="2022-09-19T16:34:05Z" name="tearDown" finished-at="2022-09-19T16:34:05Z" duration-ms="187" status="PASS">
          <reporter-output>
          </reporter-output>
        </test-method> <!-- tearDown -->
        <test-method is-config="true" signature="seup()[pri:0, instance:com.actitime.qa.testcases.HomePageTest@8e24743]" started-at="2022-09-19T16:34:13Z" name="seup" finished-at="2022-09-19T16:34:19Z" duration-ms="5928" status="PASS">
          <reporter-output>
          </reporter-output>
        </test-method> <!-- seup -->
        <test-method signature="homePageTaskLinkTest()[pri:2, instance:com.actitime.qa.testcases.HomePageTest@8e24743]" started-at="2022-09-19T16:34:19Z" name="homePageTaskLinkTest" finished-at="2022-09-19T16:34:25Z" duration-ms="5414" status="PASS">
          <reporter-output>
          </reporter-output>
        </test-method> <!-- homePageTaskLinkTest -->
        <test-method is-config="true" signature="tearDown()[pri:0, instance:com.actitime.qa.testcases.HomePageTest@8e24743]" started-at="2022-09-19T16:34:25Z" name="tearDown" finished-at="2022-09-19T16:34:25Z" duration-ms="156" status="PASS">
          <reporter-output>
          </reporter-output>
        </test-method> <!-- tearDown -->
      </class> <!-- com.actitime.qa.testcases.HomePageTest -->
      <class name="com.actitime.qa.testcases.LogonPageTest">
        <test-method is-config="true" signature="seup()[pri:0, instance:com.actitime.qa.testcases.LogonPageTest@74a10858]" started-at="2022-09-19T16:34:05Z" name="seup" finished-at="2022-09-19T16:34:13Z" duration-ms="7964" status="PASS">
          <reporter-output>
          </reporter-output>
        </test-method> <!-- seup -->
        <test-method signature="loginPageLogoTest()[pri:1, instance:com.actitime.qa.testcases.LogonPageTest@74a10858]" started-at="2022-09-19T16:34:13Z" name="loginPageLogoTest" finished-at="2022-09-19T16:34:13Z" duration-ms="40" status="PASS">
          <reporter-output>
          </reporter-output>
        </test-method> <!-- loginPageLogoTest -->
        <test-method is-config="true" signature="tearDown()[pri:0, instance:com.actitime.qa.testcases.LogonPageTest@74a10858]" started-at="2022-09-19T16:34:13Z" name="tearDown" finished-at="2022-09-19T16:34:13Z" duration-ms="125" status="PASS">
          <reporter-output>
          </reporter-output>
        </test-method> <!-- tearDown -->
        <test-method is-config="true" signature="seup()[pri:0, instance:com.actitime.qa.testcases.LogonPageTest@74a10858]" started-at="2022-09-19T16:34:25Z" name="seup" finished-at="2022-09-19T16:34:31Z" duration-ms="5989" status="PASS">
          <reporter-output>
          </reporter-output>
        </test-method> <!-- seup -->
        <test-method signature="LoginTest(java.lang.String, java.lang.String)[pri:2, instance:com.actitime.qa.testcases.LogonPageTest@74a10858]" started-at="2022-09-19T16:34:31Z" name="LoginTest" data-provider="getactiTimeTestData" finished-at="2022-09-19T16:34:32Z" duration-ms="292" status="PASS">
          <params>
            <param index="0">
              <value>
                <![CDATA[admin]]>
              </value>
            </param>
            <param index="1">
              <value>
                <![CDATA[manager]]>
              </value>
            </param>
          </params>
          <reporter-output>
          </reporter-output>
        </test-method> <!-- LoginTest -->
        <test-method is-config="true" signature="tearDown()[pri:0, instance:com.actitime.qa.testcases.LogonPageTest@74a10858]" started-at="2022-09-19T16:34:32Z" name="tearDown" finished-at="2022-09-19T16:34:32Z" duration-ms="187" status="PASS">
          <reporter-output>
          </reporter-output>
        </test-method> <!-- tearDown -->
        <test-method is-config="true" signature="seup()[pri:0, instance:com.actitime.qa.testcases.LogonPageTest@74a10858]" started-at="2022-09-19T16:34:32Z" name="seup" finished-at="2022-09-19T16:34:37Z" duration-ms="5335" status="PASS">
          <reporter-output>
          </reporter-output>
        </test-method> <!-- seup -->
        <test-method signature="LoginTest(java.lang.String, java.lang.String)[pri:2, instance:com.actitime.qa.testcases.LogonPageTest@74a10858]" started-at="2022-09-19T16:34:37Z" name="LoginTest" data-provider="getactiTimeTestData" finished-at="2022-09-19T16:34:37Z" duration-ms="186" status="PASS">
          <params>
            <param index="0">
              <value>
                <![CDATA[trainee]]>
              </value>
            </param>
            <param index="1">
              <value>
                <![CDATA[trainee]]>
              </value>
            </param>
          </params>
          <reporter-output>
          </reporter-output>
        </test-method> <!-- LoginTest -->
        <test-method is-config="true" signature="tearDown()[pri:0, instance:com.actitime.qa.testcases.LogonPageTest@74a10858]" started-at="2022-09-19T16:34:37Z" name="tearDown" finished-at="2022-09-19T16:34:37Z" duration-ms="132" status="PASS">
          <reporter-output>
          </reporter-output>
        </test-method> <!-- tearDown -->
      </class> <!-- com.actitime.qa.testcases.LogonPageTest -->
    </test> <!-- Command line test -->
  </suite> <!-- Command line suite -->
</testng-results>
