<?xml version="1.0" encoding="UTF-8"?>
<testng-results ignored="0" total="5" passed="5" failed="0" skipped="0">
  <reporter-output>
  </reporter-output>
  <suite started-at="2022-09-19T16:39:10Z" name="Test Automation - Actitime" finished-at="2022-09-19T16:39:51Z" duration-ms="41128">
    <groups>
    </groups>
    <test started-at="2022-09-19T16:39:10Z" name="Test Automation - Actitime" finished-at="2022-09-19T16:39:51Z" duration-ms="41128">
      <class name="com.actitime.qa.testcases.HomePageTest">
        <test-method is-config="true" signature="seup()[pri:0, instance:com.actitime.qa.testcases.HomePageTest@134593bf]" started-at="2022-09-19T16:39:10Z" name="seup" finished-at="2022-09-19T16:39:17Z" duration-ms="6266" status="PASS">
          <reporter-output>
          </reporter-output>
        </test-method> <!-- seup -->
        <test-method signature="homePageLogoTest()[pri:1, instance:com.actitime.qa.testcases.HomePageTest@134593bf]" started-at="2022-09-19T16:39:17Z" name="homePageLogoTest" finished-at="2022-09-19T16:39:20Z" duration-ms="3403" status="PASS">
          <reporter-output>
          </reporter-output>
        </test-method> <!-- homePageLogoTest -->
        <test-method is-config="true" signature="tearDown()[pri:0, instance:com.actitime.qa.testcases.HomePageTest@134593bf]" started-at="2022-09-19T16:39:20Z" name="tearDown" finished-at="2022-09-19T16:39:20Z" duration-ms="214" status="PASS">
          <reporter-output>
          </reporter-output>
        </test-method> <!-- tearDown -->
        <test-method is-config="true" signature="seup()[pri:0, instance:com.actitime.qa.testcases.HomePageTest@134593bf]" started-at="2022-09-19T16:39:27Z" name="seup" finished-at="2022-09-19T16:39:33Z" duration-ms="6367" status="PASS">
          <reporter-output>
          </reporter-output>
        </test-method> <!-- seup -->
        <test-method signature="homePageTaskLinkTest()[pri:2, instance:com.actitime.qa.testcases.HomePageTest@134593bf]" started-at="2022-09-19T16:39:33Z" name="homePageTaskLinkTest" finished-at="2022-09-19T16:39:38Z" duration-ms="5041" status="PASS">
          <reporter-output>
          </reporter-output>
        </test-method> <!-- homePageTaskLinkTest -->
        <test-method is-config="true" signature="tearDown()[pri:0, instance:com.actitime.qa.testcases.HomePageTest@134593bf]" started-at="2022-09-19T16:39:38Z" name="tearDown" finished-at="2022-09-19T16:39:39Z" duration-ms="151" status="PASS">
          <reporter-output>
          </reporter-output>
        </test-method> <!-- tearDown -->
      </class> <!-- com.actitime.qa.testcases.HomePageTest -->
      <class name="com.actitime.qa.testcases.LogonPageTest">
        <test-method is-config="true" signature="seup()[pri:0, instance:com.actitime.qa.testcases.LogonPageTest@4bb4de6a]" started-at="2022-09-19T16:39:20Z" name="seup" finished-at="2022-09-19T16:39:27Z" duration-ms="6759" status="PASS">
          <reporter-output>
          </reporter-output>
        </test-method> <!-- seup -->
        <test-method signature="loginPageLogoTest()[pri:1, instance:com.actitime.qa.testcases.LogonPageTest@4bb4de6a]" started-at="2022-09-19T16:39:27Z" name="loginPageLogoTest" finished-at="2022-09-19T16:39:27Z" duration-ms="37" status="PASS">
          <reporter-output>
          </reporter-output>
        </test-method> <!-- loginPageLogoTest -->
        <test-method is-config="true" signature="tearDown()[pri:0, instance:com.actitime.qa.testcases.LogonPageTest@4bb4de6a]" started-at="2022-09-19T16:39:27Z" name="tearDown" finished-at="2022-09-19T16:39:27Z" duration-ms="119" status="PASS">
          <reporter-output>
          </reporter-output>
        </test-method> <!-- tearDown -->
        <test-method is-config="true" signature="seup()[pri:0, instance:com.actitime.qa.testcases.LogonPageTest@4bb4de6a]" started-at="2022-09-19T16:39:39Z" name="seup" finished-at="2022-09-19T16:39:45Z" duration-ms="5836" status="PASS">
          <reporter-output>
          </reporter-output>
        </test-method> <!-- seup -->
        <test-method signature="LoginTest(java.lang.String, java.lang.String)[pri:2, instance:com.actitime.qa.testcases.LogonPageTest@4bb4de6a]" started-at="2022-09-19T16:39:45Z" name="LoginTest" data-provider="getactiTimeTestData" finished-at="2022-09-19T16:39:45Z" duration-ms="230" status="PASS">
          <params>
            <param index="0">
              <value>
                <![CDATA[admin]]>
              </value>
            </param>
            <param index="1">
              <value>
                <![CDATA[manager]]>
              </value>
            </param>
          </params>
          <reporter-output>
          </reporter-output>
        </test-method> <!-- LoginTest -->
        <test-method is-config="true" signature="tearDown()[pri:0, instance:com.actitime.qa.testcases.LogonPageTest@4bb4de6a]" started-at="2022-09-19T16:39:45Z" name="tearDown" finished-at="2022-09-19T16:39:45Z" duration-ms="143" status="PASS">
          <reporter-output>
          </reporter-output>
        </test-method> <!-- tearDown -->
        <test-method is-config="true" signature="seup()[pri:0, instance:com.actitime.qa.testcases.LogonPageTest@4bb4de6a]" started-at="2022-09-19T16:39:45Z" name="seup" finished-at="2022-09-19T16:39:51Z" duration-ms="5696" status="PASS">
          <reporter-output>
          </reporter-output>
        </test-method> <!-- seup -->
        <test-method signature="LoginTest(java.lang.String, java.lang.String)[pri:2, instance:com.actitime.qa.testcases.LogonPageTest@4bb4de6a]" started-at="2022-09-19T16:39:51Z" name="LoginTest" data-provider="getactiTimeTestData" finished-at="2022-09-19T16:39:51Z" duration-ms="196" status="PASS">
          <params>
            <param index="0">
              <value>
                <![CDATA[trainee]]>
              </value>
            </param>
            <param index="1">
              <value>
                <![CDATA[trainee]]>
              </value>
            </param>
          </params>
          <reporter-output>
          </reporter-output>
        </test-method> <!-- LoginTest -->
        <test-method is-config="true" signature="tearDown()[pri:0, instance:com.actitime.qa.testcases.LogonPageTest@4bb4de6a]" started-at="2022-09-19T16:39:51Z" name="tearDown" finished-at="2022-09-19T16:39:51Z" duration-ms="112" status="PASS">
          <reporter-output>
          </reporter-output>
        </test-method> <!-- tearDown -->
      </class> <!-- com.actitime.qa.testcases.LogonPageTest -->
    </test> <!-- Test Automation - Actitime -->
  </suite> <!-- Test Automation - Actitime -->
</testng-results>
